# 0 "../new/_arr_map.C"
# 0 "<built-in>"
# 0 "<command-line>"
# 1 "../new/_arr_map.C"
# 20 "../new/_arr_map.C"
# 1 "../../incl/values.h" 1
# 21 "../new/_arr_map.C" 2
# 1 "../../incl/new.h" 1
# 19 "../../incl/new.h"
#pragma lib "c++/libC.a"


# 1 "/usr/lib/gcc/x86_64-pc-cygwin/15.3.0/include/stddef.h" 1 3 4
# 160 "/usr/lib/gcc/x86_64-pc-cygwin/15.3.0/include/stddef.h" 3 4

# 160 "/usr/lib/gcc/x86_64-pc-cygwin/15.3.0/include/stddef.h" 3 4
typedef long int ptrdiff_t;
# 229 "/usr/lib/gcc/x86_64-pc-cygwin/15.3.0/include/stddef.h" 3 4
typedef long unsigned int size_t;
# 23 "../../incl/new.h" 2



# 25 "../../incl/new.h"
extern void (*set_new_handler (void(*)()))();

void *operator new(size_t, void*);
# 22 "../new/_arr_map.C" 2



typedef void* KEYTYP;
int __insert_new_array(KEYTYP key, int count);




int __remove_old_array(KEYTYP key);
# 61 "../new/_arr_map.C"
class __pnd;
class __pnd_internal_node;

class RECORD {
friend class __pnd;
friend int __insert_new_array(KEYTYP addr, int count);
 inline void* operator new(size_t);
 inline void operator delete(void* p, size_t s);
  inline RECORD(unsigned long k, int cnt);
  inline ~RECORD();
 unsigned long key;
 int count;
};

class __Record_Pool;

class Record_shell {
friend class __Record_Pool;
 Record_shell* next;
 char dummy[sizeof(RECORD) - sizeof(Record_shell*)];
};

class __Record_Pool {
friend class RECORD;
 static Record_shell* top;
  __Record_Pool();
 Record_shell slot[150];
 static void* alloc() {
   void* ans = 0;
   if (top == 0)
    new __Record_Pool;
   if (top != 0) {
    ans = top;
    top = top->next;
   }
   return ans;
  }
 static void free(Record_shell* p) {
   p->next = top;
   top = p;
  }
};
Record_shell* __Record_Pool::top = 0;

inline void*
RECORD::operator new(size_t)
{
 return __Record_Pool::alloc();
}
inline void
RECORD::operator delete(void* p, size_t)
{
 __Record_Pool::free((Record_shell*)p);
}

inline
RECORD::RECORD(unsigned long k, int cnt)
: key(k), count(cnt)
{}

inline RECORD::~RECORD() {}

class pnd_internal_item {
friend class __pnd;
friend class __pnd_internal_node;
 union {
  RECORD* ext_leaf;
  __pnd_internal_node* nodep;
 };
 int this_is_leaf;
 int is_node() { return !this_is_leaf && nodep; }
 int is_leaf() { return this_is_leaf; }
 int is_null() { return !nodep; }
 __pnd_internal_node* next_node() { return nodep; }
 RECORD* external_leaf() { return ext_leaf; }
 void make_leaf(RECORD* p) { this_is_leaf = 1; ext_leaf = p; }
 void make_node(__pnd_internal_node* cp) { this_is_leaf = 0; nodep = cp; }
 void make_null() {this_is_leaf = 0; nodep = 0; }
};

class __Node_Pool;

class __pnd_internal_node {
friend class __pnd;
friend int __insert_new_array(KEYTYP key, int count);
 inline void* operator new(size_t i);
 inline void operator delete(void* p, size_t i);
 __pnd_internal_node();
 inline ~__pnd_internal_node();
 pnd_internal_item item[(1 << 5)];
 int busy_count;
};

class Node_shell {
friend class __Node_Pool;
 Node_shell* next;
 char dummy[sizeof(__pnd_internal_node) - sizeof(Node_shell*)];
};

class __Node_Pool {
friend class __pnd_internal_node;
 static Node_shell* top;
  __Node_Pool();
 Node_shell slot[10];
 static void* alloc() {
   void* ans = 0;
   if (top == 0)
    new __Node_Pool;
   if (top != 0) {
    ans = top;
    top = top->next;
   }
   return ans;
  }
 static void free(void* p) {
   ((Node_shell*)p)->next = top;
   top = (Node_shell*)p;
  }
};
Node_shell* __Node_Pool::top = 0;

inline void*
__pnd_internal_node::operator new(size_t)
{
 return __Node_Pool::alloc();
}
inline void
__pnd_internal_node::operator delete(void* p, size_t)
{
 __Node_Pool::free(p);
}

inline __pnd_internal_node::~__pnd_internal_node() {}

class __pnd {
friend int __insert_new_array(KEYTYP key, int count);
friend int __remove_old_array(KEYTYP key);
 static __pnd* the_table;
 pnd_internal_item contents;

  __pnd();
 static void initialize();
 int insert(KEYTYP, int);
 int remove(KEYTYP);
};
__pnd* __pnd::the_table = 0;

int
__insert_new_array(KEYTYP key, int count)
{
 if (__pnd::the_table == 0)
  __pnd::initialize();
 if (__pnd::the_table == 0)
  return -1;
 if (__pnd::the_table->insert(key, count) == -1)
  return -1;
 return 0;
}

int
__remove_old_array(KEYTYP key)
{

 return __pnd::the_table == 0 ? -1 : __pnd::the_table->remove(key);
}

__pnd_internal_node::__pnd_internal_node()
{
 register pnd_internal_item* itemp = &item[0];
 register int i = (1 << 5);
 while (i--)
  (itemp++)->make_null();
 busy_count = 0;
}

int
__pnd::insert(KEYTYP addr, int cnt)
{
 register unsigned long mask = (1 << 5) - 1;
 register unsigned long key = (unsigned long)addr & ((1 << 2) - 1);
 if (key)
  key <<= (8 * (int)sizeof(long)) - 2;
 key |= (unsigned long)addr >> 2;
 RECORD* new_rec = new RECORD(key, cnt);
 register int unshift = 0;
 register pnd_internal_item* itemp = &contents;
 register __pnd_internal_node* nodep = 0;
 if (new_rec == 0)
  return -1;
 for (;; mask <<= 5, unshift += 5) {
  if (itemp->is_null())
   break;
  if (itemp->is_leaf()) {
   if (itemp->external_leaf()->key == key){
    itemp->external_leaf()->count = cnt;
    delete new_rec;
    return 0;
   }
   break;
  }
  nodep = itemp->next_node();

  itemp = &nodep->item[(key & mask) >> unshift];
 }

 if (itemp->is_null()) {
  itemp->make_leaf(new_rec);
  if (nodep)
   nodep->busy_count++;
  return 0;
 }

 RECORD* temp = itemp->external_leaf();
 unsigned long other_key = temp->key;

 unsigned long ind1, ind2;
 for (;; mask <<= 5, unshift += 5) {
  nodep = new __pnd_internal_node;
  if (nodep == 0)
   return -1;
  itemp->make_node(nodep);

  ind1 = (other_key & mask) >> unshift;
  ind2 = (key & mask) >> unshift;
  if (ind1 != ind2) break;
  nodep->busy_count = 1;
  itemp = &nodep->item[ind1];
 }
 nodep->item[ind1].make_leaf(temp);
 nodep->item[ind2].make_leaf(new_rec);
 nodep->busy_count = 2;
 return 0;
}

int
__pnd::remove(KEYTYP addr)
{
 pnd_internal_item* curr_pos[(((8 * (int)sizeof(long)) - 1) / 5 + 1)];
 int curr_depth;
 if (addr == 0) return -1;
 register unsigned long mask = (1 << 5) - 1;
 register unsigned long key = (unsigned long)addr & ((1 << 2) - 1);
 if (key)
  key <<= (8 * (int)sizeof(long)) - 2;
 key |= (unsigned long)addr >> 2;
 register int unshift = 0;
 register pnd_internal_item* itemp = &contents;
 register __pnd_internal_node* nodep = 0;
 for (curr_depth = -1;; mask <<= 5, unshift += 5) {

  if (itemp->is_null())
   return -1;
  if (itemp->is_leaf())
   if (itemp->external_leaf()->key == key)
    break;
   else
    return -1;
  nodep = itemp->next_node();

  curr_pos[++curr_depth] = itemp =
    &nodep->item[(key & mask) >> unshift];
 }


 RECORD* old_p = itemp->external_leaf();

 int ans = old_p->count;
 delete old_p;
 itemp->make_null();
 if (curr_depth == -1 ||
   --(nodep->busy_count) > 1)
  return ans;

 register pnd_internal_item* itp = &nodep->item[0];
 while (itp->is_null() || itp == itemp) itp++;
 if (!itp->is_leaf())
  return ans;
 RECORD* temp = itp->external_leaf();

 for (;;) {
  delete nodep;
  if (curr_depth-- == 0) {

   contents.make_leaf(temp);
   return ans;
  }
  nodep = curr_depth == 0 ? contents.next_node() :
    curr_pos[curr_depth-1]->next_node();
  if (nodep->busy_count > 1) {
   curr_pos[curr_depth]->make_leaf(temp);
   return ans;
  }

 }
}

__pnd::__pnd()

{
 contents.make_null();
}

void
__pnd::initialize()
{
 the_table = new __pnd;
}

__Record_Pool::__Record_Pool()
{
 register int i = 150;
 register Record_shell* p = slot;
 register Record_shell* q;
 while (--i) {
  q = p++;
  q->next = p;
 }
 p->next = top;
 top = slot;
}

__Node_Pool::__Node_Pool()
{
 register int i = 10;
 register Node_shell* p = slot;
 register Node_shell* q;
 while (--i) {
  q = p++;
  q->next = p;
 }
 p->next = top;
 top = slot;
}
